<?xml version="1.0" encoding="UTF-8"?>
<testng-results skipped="0" failed="0" total="1" passed="1">
  <reporter-output>
  </reporter-output>
  <suite name="Default suite" duration-ms="82" started-at="2014-11-22T13:46:29Z" finished-at="2014-11-22T13:46:29Z">
    <groups>
    </groups>
    <test name="Default test" duration-ms="82" started-at="2014-11-22T13:46:29Z" finished-at="2014-11-22T13:46:29Z">
      <class name="foosball.tests.TossResultTest">
        <test-method status="PASS" signature="checkResultOfcalcTossResult()[pri:0, instance:foosball.tests.TossResultTest@466d05ee]" name="checkResultOfcalcTossResult" duration-ms="44" started-at="2014-11-22T19:16:29Z" finished-at="2014-11-22T19:16:29Z">
          <reporter-output>
          </reporter-output>
        </test-method> <!-- checkResultOfcalcTossResult -->
      </class> <!-- foosball.tests.TossResultTest -->
    </test> <!-- Default test -->
  </suite> <!-- Default suite -->
</testng-results>
