<?xml version="1.0" encoding="UTF-8"?>
<testng-results skipped="0" failed="0" total="4" passed="4">
  <reporter-output>
  </reporter-output>
  <suite name="Default suite" duration-ms="89" started-at="2014-11-22T14:40:10Z" finished-at="2014-11-22T14:40:10Z">
    <groups>
    </groups>
    <test name="Default test" duration-ms="89" started-at="2014-11-22T14:40:10Z" finished-at="2014-11-22T14:40:10Z">
      <class name="foosball.tests.TeamTests">
        <test-method status="PASS" signature="testAttackerCount()[pri:0, instance:foosball.tests.TeamTests@13066a26]" name="testAttackerCount" duration-ms="42" started-at="2014-11-22T20:10:10Z" finished-at="2014-11-22T20:10:10Z">
          <reporter-output>
          </reporter-output>
        </test-method> <!-- testAttackerCount -->
        <test-method status="PASS" signature="testDefenderCount()[pri:0, instance:foosball.tests.TeamTests@13066a26]" name="testDefenderCount" duration-ms="2" started-at="2014-11-22T20:10:10Z" finished-at="2014-11-22T20:10:10Z">
          <reporter-output>
          </reporter-output>
        </test-method> <!-- testDefenderCount -->
        <test-method status="PASS" signature="testMidFielderCount()[pri:0, instance:foosball.tests.TeamTests@13066a26]" name="testMidFielderCount" duration-ms="1" started-at="2014-11-22T20:10:10Z" finished-at="2014-11-22T20:10:10Z">
          <reporter-output>
          </reporter-output>
        </test-method> <!-- testMidFielderCount -->
        <test-method status="PASS" signature="testTeamCount()[pri:0, instance:foosball.tests.TeamTests@13066a26]" name="testTeamCount" duration-ms="2" started-at="2014-11-22T20:10:10Z" finished-at="2014-11-22T20:10:10Z">
          <reporter-output>
          </reporter-output>
        </test-method> <!-- testTeamCount -->
      </class> <!-- foosball.tests.TeamTests -->
    </test> <!-- Default test -->
  </suite> <!-- Default suite -->
</testng-results>
